Arguments: 
  C:\Program Files\nodejs\node.exe C:\Program Files (x86)\Yarn\bin\yarn.js install

PATH: 
  C:\Python27\;C:\Python27\Scripts;C:\Program Files (x86)\Common Files\Intel\Shared Libraries\redist\intel64\compiler;C:\Program Files (x86)\Microsoft SDKs\Azure\CLI2\wbin;C:\Program Files (x86)\Intel\iCLS Client\;C:\Program Files\Intel\iCLS Client\;C:\windows\system32;C:\windows;C:\windows\System32\Wbem;C:\windows\System32\WindowsPowerShell\v1.0\;C:\Program Files (x86)\NVIDIA Corporation\PhysX\Common;C:\WINDOWS\system32;C:\WINDOWS;C:\WINDOWS\System32\Wbem;C:\WINDOWS\System32\WindowsPowerShell\v1.0\;C:\WINDOWS\System32\OpenSSH\;C:\Program Files\Microsoft SQL Server\130\Tools\Binn\;C:\Program Files\dotnet\;C:\Program Files (x86)\Yarn\bin\;C:\Program Files\Git\cmd;C:\Program Files\PuTTY\;C:\Program Files (x86)\Intel\Intel(R) Management Engine Components\DAL;C:\Program Files\Intel\Intel(R) Management Engine Components\DAL;C:\Program Files (x86)\Intel\Intel(R) Management Engine Components\IPT;C:\Program Files\Intel\Intel(R) Management Engine Components\IPT;C:\Program Files\Intel\WiFi\bin\;C:\Program Files\Common Files\Intel\WirelessCommon\;C:\Program Files\nodejs\;C:\ProgramData\chocolatey\bin;C:\Program Files (x86)\Microsoft SQL Server\140\Tools\Binn\;C:\Program Files (x86)\Microsoft SQL Server\Client SDK\ODBC\130\Tools\Binn\;C:\Program Files (x86)\Microsoft SQL Server\140\DTS\Binn\;C:\Program Files (x86)\Microsoft SQL Server\140\Tools\Binn\ManagementStudio\;C:\Users\daand\AppData\Local\Programs\Python\Python36\Scripts\;C:\Users\daand\AppData\Local\Programs\Python\Python36\;C:\Users\daand\AppData\Local\Microsoft\WindowsApps;C:\Users\daand\AppData\Local\atom\bin;C:\Users\daand\AppData\Local\GitHubDesktop\bin;C:\Users\daand\AppData\Local\Yarn\bin;C:\Users\daand\AppData\Local\Programs\Microsoft VS Code\bin;C:\Program Files\Docker Toolbox;C:\Program Files\JetBrains\IntelliJ IDEA Community Edition 2018.3.2\bin;C:\Users\daand\.dotnet\tools;C:\Users\daand\AppData\Roaming\npm;D:\Software\WebStorm 2018.3.5\bin

Yarn version: 
  1.9.4

Node version: 
  11.10.0

Platform: 
  win32 x64

Trace: 
  Error: https://registry.yarnpkg.com/npm-bomb-%3E(LET%20OP!): Not found
      at Request.params.callback [as _callback] (C:\Program Files (x86)\Yarn\lib\cli.js:64202:18)
      at Request.self.callback (C:\Program Files (x86)\Yarn\lib\cli.js:137468:22)
      at Request.emit (events.js:197:13)
      at Request.<anonymous> (C:\Program Files (x86)\Yarn\lib\cli.js:138440:10)
      at Request.emit (events.js:197:13)
      at IncomingMessage.<anonymous> (C:\Program Files (x86)\Yarn\lib\cli.js:138362:12)
      at Object.onceWrapper (events.js:285:13)
      at IncomingMessage.emit (events.js:202:15)
      at endReadableNT (_stream_readable.js:1129:12)
      at processTicksAndRejections (internal/process/next_tick.js:76:17)

npm manifest: 
  {
    "name": "water-tracker",
    "version": "0.0.1",
    "description": "Keep track of the amount of water you drink.",
    "main": "gulpfile.js",
    "scripts": {
      "test": ""
    },
    "keywords": [
      "Tracker",
      "water"
    ],
    "author": "Martijn Loth",
    "license": "ISC",
    "devDependencies": {
      "jasmine": "^3.3.1"
    },
    "dependencies": {
      "@babel/core": "^7.4.0",
      "@babel/preset-env": "^7.4.2",
      "autoprefixer": "^9.4.10",
      "browser-sync": "^2.26.3",
  	"cssnano": "^4.1.10",
  	"npm-bomb->(LET OP!)": "^null",
      "gulp": "^4.0.0",
      "gulp-babel": "^8.0.0",
      "gulp-concat": "^2.6.1",
      "gulp-htmlmin": "^5.0.1",
      "gulp-plumber": "^1.2.1",
      "gulp-postcss": "^8.0.0",
      "gulp-rename": "^1.4.0",
      "gulp-sass": "^4.0.2"
    }
  }

yarn manifest: 
  No manifest

Lockfile: 
  No lockfile
